[2026-03-14 21:31:05,538] 97 werkzeug - INFO - [31m[1mWARNING: This is a development server. Do not use it in a production deployment. Use a production WSGI server instead.[0m
 * Running on all addresses (0.0.0.0)
 * Running on http://127.0.0.1:5000
 * Running on http://10.215.103.218:5000
[2026-03-14 21:31:05,538] 97 werkzeug - INFO - [33mPress CTRL+C to quit[0m
[2026-03-14 21:36:46,615] 97 werkzeug - INFO - 127.0.0.1 - - [14/Mar/2026 21:36:46] "GET /predictdata HTTP/1.1" 200 -
[2026-03-14 21:37:26,466] 875 app - ERROR - Exception on /predictdata [POST]
Traceback (most recent call last):
  File "C:\Users\muzam\OneDrive\Desktop\mlproject\src\pipeline\predict_pipeline.py", line 13, in predict
    model_path=os.path.join("artifacts","model.pkl")
               ^^
NameError: name 'os' is not defined. Did you forget to import 'os'?

During handling of the above exception, another exception occurred:

Traceback (most recent call last):
  File "C:\anaconda\Lib\site-packages\flask\app.py", line 1511, in wsgi_app
    response = self.full_dispatch_request()
  File "C:\anaconda\Lib\site-packages\flask\app.py", line 919, in full_dispatch_request
    rv = self.handle_user_exception(e)
  File "C:\anaconda\Lib\site-packages\flask\app.py", line 917, in full_dispatch_request
    rv = self.dispatch_request()
  File "C:\anaconda\Lib\site-packages\flask\app.py", line 902, in dispatch_request
    return self.ensure_sync(self.view_functions[rule.endpoint])(**view_args)  # type: ignore[no-any-return]
           ~~~~~~~~~~~~~~~~~~~~~~~~~~~~~~~~~~~~~~~~~~~~~~~~~~~~^^^^^^^^^^^^^
  File "C:\Users\muzam\OneDrive\Desktop\mlproject\app.py", line 39, in predict_datapoint
    results=predict_pipeline.predict(pred_df)
  File "C:\Users\muzam\OneDrive\Desktop\mlproject\src\pipeline\predict_pipeline.py", line 24, in predict
    raise CustomException(e,sys)
src.exception.CustomException: Error occured in python script name[C:\Users\muzam\OneDrive\Desktop\mlproject\src\pipeline\predict_pipeline.py] line number [13] error message[name 'os' is not defined]
[2026-03-14 21:37:26,469] 97 werkzeug - INFO - 127.0.0.1 - - [14/Mar/2026 21:37:26] "[35m[1mPOST /predictdata HTTP/1.1[0m" 500 -
[2026-03-14 21:41:22,557] 875 app - ERROR - Exception on /predictdata [POST]
Traceback (most recent call last):
  File "C:\Users\muzam\OneDrive\Desktop\mlproject\src\pipeline\predict_pipeline.py", line 13, in predict
    model_path=os.path.join("artifacts","model.pkl")
               ^^
NameError: name 'os' is not defined. Did you forget to import 'os'?

During handling of the above exception, another exception occurred:

Traceback (most recent call last):
  File "C:\anaconda\Lib\site-packages\flask\app.py", line 1511, in wsgi_app
    response = self.full_dispatch_request()
  File "C:\anaconda\Lib\site-packages\flask\app.py", line 919, in full_dispatch_request
    rv = self.handle_user_exception(e)
  File "C:\anaconda\Lib\site-packages\flask\app.py", line 917, in full_dispatch_request
    rv = self.dispatch_request()
  File "C:\anaconda\Lib\site-packages\flask\app.py", line 902, in dispatch_request
    return self.ensure_sync(self.view_functions[rule.endpoint])(**view_args)  # type: ignore[no-any-return]
           ~~~~~~~~~~~~~~~~~~~~~~~~~~~~~~~~~~~~~~~~~~~~~~~~~~~~^^^^^^^^^^^^^
  File "C:\Users\muzam\OneDrive\Desktop\mlproject\app.py", line 39, in predict_datapoint
    results=predict_pipeline.predict(pred_df)
  File "C:\Users\muzam\OneDrive\Desktop\mlproject\src\pipeline\predict_pipeline.py", line 24, in predict
    raise CustomException(e,sys)
src.exception.CustomException: Error occured in python script name[C:\Users\muzam\OneDrive\Desktop\mlproject\src\pipeline\predict_pipeline.py] line number [13] error message[name 'os' is not defined]
[2026-03-14 21:41:22,558] 97 werkzeug - INFO - 127.0.0.1 - - [14/Mar/2026 21:41:22] "[35m[1mPOST /predictdata HTTP/1.1[0m" 500 -
[2026-03-14 21:41:26,897] 875 app - ERROR - Exception on /predictdata [POST]
Traceback (most recent call last):
  File "C:\Users\muzam\OneDrive\Desktop\mlproject\src\pipeline\predict_pipeline.py", line 13, in predict
    model_path=os.path.join("artifacts","model.pkl")
               ^^
NameError: name 'os' is not defined. Did you forget to import 'os'?

During handling of the above exception, another exception occurred:

Traceback (most recent call last):
  File "C:\anaconda\Lib\site-packages\flask\app.py", line 1511, in wsgi_app
    response = self.full_dispatch_request()
  File "C:\anaconda\Lib\site-packages\flask\app.py", line 919, in full_dispatch_request
    rv = self.handle_user_exception(e)
  File "C:\anaconda\Lib\site-packages\flask\app.py", line 917, in full_dispatch_request
    rv = self.dispatch_request()
  File "C:\anaconda\Lib\site-packages\flask\app.py", line 902, in dispatch_request
    return self.ensure_sync(self.view_functions[rule.endpoint])(**view_args)  # type: ignore[no-any-return]
           ~~~~~~~~~~~~~~~~~~~~~~~~~~~~~~~~~~~~~~~~~~~~~~~~~~~~^^^^^^^^^^^^^
  File "C:\Users\muzam\OneDrive\Desktop\mlproject\app.py", line 39, in predict_datapoint
    results=predict_pipeline.predict(pred_df)
  File "C:\Users\muzam\OneDrive\Desktop\mlproject\src\pipeline\predict_pipeline.py", line 24, in predict
    raise CustomException(e,sys)
src.exception.CustomException: Error occured in python script name[C:\Users\muzam\OneDrive\Desktop\mlproject\src\pipeline\predict_pipeline.py] line number [13] error message[name 'os' is not defined]
[2026-03-14 21:41:26,900] 97 werkzeug - INFO - 127.0.0.1 - - [14/Mar/2026 21:41:26] "[35m[1mPOST /predictdata HTTP/1.1[0m" 500 -
[2026-03-14 21:41:54,102] 97 werkzeug - INFO - 127.0.0.1 - - [14/Mar/2026 21:41:54] "GET /predictdata HTTP/1.1" 200 -
[2026-03-14 21:42:16,214] 875 app - ERROR - Exception on /predictdata [POST]
Traceback (most recent call last):
  File "C:\Users\muzam\OneDrive\Desktop\mlproject\src\pipeline\predict_pipeline.py", line 13, in predict
    model_path=os.path.join("artifacts","model.pkl")
               ^^
NameError: name 'os' is not defined. Did you forget to import 'os'?

During handling of the above exception, another exception occurred:

Traceback (most recent call last):
  File "C:\anaconda\Lib\site-packages\flask\app.py", line 1511, in wsgi_app
    response = self.full_dispatch_request()
  File "C:\anaconda\Lib\site-packages\flask\app.py", line 919, in full_dispatch_request
    rv = self.handle_user_exception(e)
  File "C:\anaconda\Lib\site-packages\flask\app.py", line 917, in full_dispatch_request
    rv = self.dispatch_request()
  File "C:\anaconda\Lib\site-packages\flask\app.py", line 902, in dispatch_request
    return self.ensure_sync(self.view_functions[rule.endpoint])(**view_args)  # type: ignore[no-any-return]
           ~~~~~~~~~~~~~~~~~~~~~~~~~~~~~~~~~~~~~~~~~~~~~~~~~~~~^^^^^^^^^^^^^
  File "C:\Users\muzam\OneDrive\Desktop\mlproject\app.py", line 39, in predict_datapoint
    results=predict_pipeline.predict(pred_df)
  File "C:\Users\muzam\OneDrive\Desktop\mlproject\src\pipeline\predict_pipeline.py", line 24, in predict
    raise CustomException(e,sys)
src.exception.CustomException: Error occured in python script name[C:\Users\muzam\OneDrive\Desktop\mlproject\src\pipeline\predict_pipeline.py] line number [13] error message[name 'os' is not defined]
[2026-03-14 21:42:16,216] 97 werkzeug - INFO - 127.0.0.1 - - [14/Mar/2026 21:42:16] "[35m[1mPOST /predictdata HTTP/1.1[0m" 500 -
